<?xml version="1.0" encoding="UTF-8"?>
<!-- Generated by org.testng.reporters.JUnitXMLReporter -->
<testsuite hostname="WINCTRL-KQB8VEI" ignored="0" name="Test" tests="5" failures="0" timestamp="13 Feb 2021 06:35:23 GMT" time="44.292" errors="0">
  <testcase name="loginTest" time="6.415" classname="com.qa.testcases.LoginPageTest"/>
  <testcase name="selectAdmin" time="8.55" classname="com.qa.testcases.HomePageTest"/>
  <testcase name="verifyTitle" time="0.021" classname="com.qa.testcases.LoginPageTest"/>
  <testcase name="userNameWelcomeText" time="0.046" classname="com.qa.testcases.HomePageTest"/>
  <testcase name="islogoDisplay" time="0.065" classname="com.qa.testcases.LoginPageTest"/>
</testsuite> <!-- Test -->
