<?xml version="1.0" encoding="UTF-8"?>
<!-- Generated by org.testng.reporters.JUnitXMLReporter -->
<testsuite hostname="WINCTRL-KQB8VEI" ignored="0" name="Command line test" tests="6" failures="0" timestamp="13 Feb 2021 09:45:08 GMT" time="179.326" errors="0">
  <testcase name="selectDirectory" time="16.852" classname="com.qa.testcases.DirectoryPageTest"/>
  <testcase name="selectAdmin" time="11.281" classname="com.qa.testcases.HomePageTest"/>
  <testcase name="loginTest" time="19.531" classname="com.qa.testcases.LoginPageTest"/>
  <testcase name="userNameWelcomeText" time="0.936" classname="com.qa.testcases.HomePageTest"/>
  <testcase name="verifyTitle" time="0.552" classname="com.qa.testcases.LoginPageTest"/>
  <testcase name="islogoDisplay" time="0.818" classname="com.qa.testcases.LoginPageTest"/>
</testsuite> <!-- Command line test -->
