<?xml version="1.0" encoding="UTF-8"?>
<testng-results skipped="0" failed="0" ignored="0" total="6" passed="6">
  <reporter-output>
  </reporter-output>
  <suite name="Command line suite" duration-ms="179326" started-at="2021-02-13T09:42:07Z" finished-at="2021-02-13T09:45:07Z">
    <groups>
    </groups>
    <test name="Command line test" duration-ms="179326" started-at="2021-02-13T09:42:07Z" finished-at="2021-02-13T09:45:07Z">
      <class name="com.qa.testcases.HomePageTest">
        <test-method status="PASS" signature="setUp()[pri:0, instance:com.qa.testcases.HomePageTest@42d3bd8b]" name="setUp" is-config="true" duration-ms="63279" started-at="2021-02-13T15:12:07Z" finished-at="2021-02-13T15:13:11Z">
          <reporter-output>
          </reporter-output>
        </test-method> <!-- setUp -->
        <test-method status="PASS" signature="setup()[pri:0, instance:com.qa.testcases.LoginPageTest@26ba2a48]" name="setup" is-config="true" duration-ms="20134" started-at="2021-02-13T15:13:11Z" finished-at="2021-02-13T15:13:31Z">
          <reporter-output>
          </reporter-output>
        </test-method> <!-- setup -->
        <test-method status="PASS" signature="selectAdmin()[pri:1, instance:com.qa.testcases.HomePageTest@42d3bd8b]" name="selectAdmin" duration-ms="11281" started-at="2021-02-13T15:14:33Z" finished-at="2021-02-13T15:14:45Z">
          <reporter-output>
          </reporter-output>
        </test-method> <!-- selectAdmin -->
        <test-method status="PASS" signature="userNameWelcomeText()[pri:2, instance:com.qa.testcases.HomePageTest@42d3bd8b]" name="userNameWelcomeText" duration-ms="936" started-at="2021-02-13T15:15:04Z" finished-at="2021-02-13T15:15:05Z">
          <reporter-output>
          </reporter-output>
        </test-method> <!-- userNameWelcomeText -->
      </class> <!-- com.qa.testcases.HomePageTest -->
      <class name="com.qa.testcases.DirectoryPageTest">
        <test-method status="PASS" signature="setup()[pri:0, instance:com.qa.testcases.DirectoryPageTest@5f2050f6]" name="setup" is-config="true" duration-ms="45783" started-at="2021-02-13T15:13:31Z" finished-at="2021-02-13T15:14:16Z">
          <reporter-output>
          </reporter-output>
        </test-method> <!-- setup -->
        <test-method status="PASS" signature="selectDirectory()[pri:1, instance:com.qa.testcases.DirectoryPageTest@5f2050f6]" name="selectDirectory" duration-ms="16852" started-at="2021-02-13T15:14:17Z" finished-at="2021-02-13T15:14:33Z">
          <reporter-output>
          </reporter-output>
        </test-method> <!-- selectDirectory -->
      </class> <!-- com.qa.testcases.DirectoryPageTest -->
      <class name="com.qa.testcases.LoginPageTest">
        <test-method status="PASS" signature="loginTest()[pri:1, instance:com.qa.testcases.LoginPageTest@26ba2a48]" name="loginTest" duration-ms="19531" started-at="2021-02-13T15:14:45Z" finished-at="2021-02-13T15:15:04Z">
          <reporter-output>
          </reporter-output>
        </test-method> <!-- loginTest -->
        <test-method status="PASS" signature="verifyTitle()[pri:2, instance:com.qa.testcases.LoginPageTest@26ba2a48]" name="verifyTitle" duration-ms="552" started-at="2021-02-13T15:15:05Z" finished-at="2021-02-13T15:15:06Z">
          <reporter-output>
          </reporter-output>
        </test-method> <!-- verifyTitle -->
        <test-method status="PASS" signature="islogoDisplay()[pri:3, instance:com.qa.testcases.LoginPageTest@26ba2a48]" name="islogoDisplay" duration-ms="818" started-at="2021-02-13T15:15:06Z" finished-at="2021-02-13T15:15:07Z">
          <reporter-output>
          </reporter-output>
        </test-method> <!-- islogoDisplay -->
      </class> <!-- com.qa.testcases.LoginPageTest -->
    </test> <!-- Command line test -->
  </suite> <!-- Command line suite -->
</testng-results>
