<?xml version="1.0" encoding="UTF-8"?>
<testng-results skipped="0" failed="0" ignored="0" total="5" passed="5">
  <reporter-output>
  </reporter-output>
  <suite name="Suite" duration-ms="44292" started-at="2021-02-13T06:34:39Z" finished-at="2021-02-13T06:35:23Z">
    <groups>
    </groups>
    <test name="Test" duration-ms="44292" started-at="2021-02-13T06:34:39Z" finished-at="2021-02-13T06:35:23Z">
      <class name="com.qa.testcases.HomePageTest">
        <test-method status="PASS" signature="setUp()[pri:0, instance:com.qa.testcases.HomePageTest@d8355a8]" name="setUp" is-config="true" duration-ms="17024" started-at="2021-02-13T12:04:39Z" finished-at="2021-02-13T12:04:56Z">
          <reporter-output>
          </reporter-output>
        </test-method> <!-- setUp -->
        <test-method status="PASS" signature="setup()[pri:0, instance:com.qa.testcases.LoginPageTest@46d56d67]" name="setup" is-config="true" duration-ms="12065" started-at="2021-02-13T12:04:56Z" finished-at="2021-02-13T12:05:08Z">
          <reporter-output>
          </reporter-output>
        </test-method> <!-- setup -->
        <test-method status="PASS" signature="selectAdmin()[pri:1, instance:com.qa.testcases.HomePageTest@d8355a8]" name="selectAdmin" duration-ms="8550" started-at="2021-02-13T12:05:14Z" finished-at="2021-02-13T12:05:23Z">
          <reporter-output>
          </reporter-output>
        </test-method> <!-- selectAdmin -->
        <test-method status="PASS" signature="userNameWelcomeText()[pri:2, instance:com.qa.testcases.HomePageTest@d8355a8]" name="userNameWelcomeText" duration-ms="46" started-at="2021-02-13T12:05:23Z" finished-at="2021-02-13T12:05:23Z">
          <reporter-output>
          </reporter-output>
        </test-method> <!-- userNameWelcomeText -->
      </class> <!-- com.qa.testcases.HomePageTest -->
      <class name="com.qa.testcases.LoginPageTest">
        <test-method status="PASS" signature="loginTest()[pri:1, instance:com.qa.testcases.LoginPageTest@46d56d67]" name="loginTest" duration-ms="6415" started-at="2021-02-13T12:05:08Z" finished-at="2021-02-13T12:05:14Z">
          <reporter-output>
          </reporter-output>
        </test-method> <!-- loginTest -->
        <test-method status="PASS" signature="verifyTitle()[pri:2, instance:com.qa.testcases.LoginPageTest@46d56d67]" name="verifyTitle" duration-ms="21" started-at="2021-02-13T12:05:23Z" finished-at="2021-02-13T12:05:23Z">
          <reporter-output>
          </reporter-output>
        </test-method> <!-- verifyTitle -->
        <test-method status="PASS" signature="islogoDisplay()[pri:3, instance:com.qa.testcases.LoginPageTest@46d56d67]" name="islogoDisplay" duration-ms="65" started-at="2021-02-13T12:05:23Z" finished-at="2021-02-13T12:05:23Z">
          <reporter-output>
          </reporter-output>
        </test-method> <!-- islogoDisplay -->
      </class> <!-- com.qa.testcases.LoginPageTest -->
    </test> <!-- Test -->
  </suite> <!-- Suite -->
</testng-results>
